<?xml version="1.0" encoding="UTF-8"?>
<!-- Generated by org.testng.reporters.JUnitReportReporter -->
<testsuite hostname="Laptop-BharatSingh" failures="0" tests="2" name="TestScripts.Product" time="6.895" errors="0" timestamp="2023-08-15T13:51:48 IST" skipped="0">
  <testcase classname="TestScripts.Product" name="ProductTc001" time="3.985"/>
  <testcase classname="TestScripts.Product" name="ProductTc002" time="2.910"/>
</testsuite> <!-- TestScripts.Product -->
