<?xml version="1.0" encoding="UTF-8"?>
<!-- Generated by org.testng.reporters.JUnitReportReporter -->
<testsuite hostname="Laptop-BharatSingh" failures="0" tests="2" name="TestScripts.Login" time="5.604" errors="0" timestamp="2023-08-15T13:51:48 IST" skipped="0">
  <testcase classname="TestScripts.Login" name="LoginTc001" time="2.709"/>
  <testcase classname="TestScripts.Login" name="LoginTc002" time="2.895"/>
</testsuite> <!-- TestScripts.Login -->
